<?xml version="1.0" encoding="UTF-8"?>
<!-- Generated by org.testng.reporters.JUnitReportReporter -->
<testsuite hostname="AST-353" name="example.NewTest" tests="1" failures="0" timestamp="27 May 2018 15:13:39 GMT" time="7.976" errors="0">
  <testcase name="f" time="7.976" classname="example.NewTest"/>
</testsuite> <!-- example.NewTest -->
